
 Performance counter stats for './fluid_sim':

    35,550,079,536      instructions              #    1.82  insn per cycle                                            
    19,523,060,211      cycles                                                      

       6.735261676 seconds time elapsed

       6.728198000 seconds user
       0.003999000 seconds sys



 Performance counter stats for './fluid_sim':

    35,562,823,827      instructions              #    1.18  insn per cycle                                            
    30,152,272,156      cycles                                                      

      10.398364040 seconds time elapsed

      10.392338000 seconds user
       0.005000000 seconds sys



 Performance counter stats for './fluid_sim':

    35,564,364,259      instructions              #    1.15  insn per cycle                                            
    30,922,492,405      cycles                                                      

      10.664075803 seconds time elapsed

      10.657937000 seconds user
       0.005000000 seconds sys



 Performance counter stats for './fluid_sim':

    35,564,092,978      instructions              #    1.15  insn per cycle                                            
    30,933,686,343      cycles                                                      

      10.669211828 seconds time elapsed

      10.660851000 seconds user
       0.006000000 seconds sys



 Performance counter stats for './fluid_sim':

    35,565,264,779      instructions              #    1.13  insn per cycle                                            

 Performance counter stats for './fluid_sim':

    35,564,892,424      instructions              #    1.13  insn per cycle                                            
    31,500,446,317      cycles                                                      

      10.862748853 seconds time elapsed

      10.857780000 seconds user
       0.003999000 seconds sys


    31,507,592,836      cycles                                                      

      10.865036264 seconds time elapsed

      10.863033000 seconds user
       0.001000000 seconds sys



 Performance counter stats for './fluid_sim':

    35,565,524,234      instructions              #    1.13  insn per cycle                                            
    31,577,480,951      cycles                                                      


 Performance counter stats for './fluid_sim':

    35,565,141,002      instructions              #    1.13  insn per cycle                                            
    31,568,851,436      cycles                                                      

      10.886477242 seconds time elapsed

      10.889990538 seconds time elapsed

      10.885068000 seconds user
       0.003000000 seconds sys


      10.879348000 seconds user
       0.005999000 seconds sys



 Performance counter stats for './fluid_sim':

    35,566,193,129      instructions              #    1.10  insn per cycle                                            

 Performance counter stats for './fluid_sim':

    35,565,939,517      instructions              #    1.10  insn per cycle                                            
    32,222,741,706      cycles                                                      

      11.099332881 seconds time elapsed

      11.091018000 seconds user
    32,223,985,552      cycles                                                      

      11.099244078 seconds time elapsed

      11.090973000 seconds user
       0.007000000 seconds sys


       0.007000000 seconds sys


